<?xml version="1.0" encoding="UTF-8"?>
<!-- Generated by org.testng.reporters.JUnitReportReporter -->
<testsuite hostname="naveen" failures="0" tests="10" name="com.jqueryui.test.EffectsPageTest" time="16.803" errors="0" timestamp="2023-08-10T01:55:59 IST" skipped="0">
  <testcase classname="com.jqueryui.test.EffectsPageTest" name="showTest" time="1.111"/>
  <system-out/>
  <testcase classname="com.jqueryui.test.EffectsPageTest" name="easingTest" time="1.059"/>
  <system-out/>
  <testcase classname="com.jqueryui.test.EffectsPageTest" name="colorAnimationTest" time="1.107"/>
  <system-out/>
  <testcase classname="com.jqueryui.test.EffectsPageTest" name="toggleTest" time="1.066"/>
  <system-out/>
  <testcase classname="com.jqueryui.test.EffectsPageTest" name="addClassTest" time="4.822"/>
  <system-out/>
  <testcase classname="com.jqueryui.test.EffectsPageTest" name="effectTest" time="0.854"/>
  <system-out/>
  <testcase classname="com.jqueryui.test.EffectsPageTest" name="switchClassTest" time="1.138"/>
  <system-out/>
  <testcase classname="com.jqueryui.test.EffectsPageTest" name="hideTest" time="1.109"/>
  <system-out/>
  <testcase classname="com.jqueryui.test.EffectsPageTest" name="toggleClassTest" time="0.853"/>
  <system-out/>
  <testcase classname="com.jqueryui.test.EffectsPageTest" name="removeClassTest" time="3.684"/>
  <system-out/>
</testsuite> <!-- com.jqueryui.test.EffectsPageTest -->
