<?xml version="1.0" encoding="UTF-8"?>
<!-- Generated by org.testng.reporters.JUnitReportReporter -->
<testsuite hostname="naveen" failures="0" tests="5" name="com.jqueryui.test.InteractionsTest" time="7.639" errors="0" timestamp="2023-08-10T02:19:39 IST" skipped="0">
  <testcase classname="com.jqueryui.test.InteractionsTest" name="draggableTest" time="1.739"/>
  <system-out/>
  <testcase classname="com.jqueryui.test.InteractionsTest" name="droppableTest" time="1.199"/>
  <system-out/>
  <testcase classname="com.jqueryui.test.InteractionsTest" name="resizableTest" time="1.260"/>
  <system-out/>
  <testcase classname="com.jqueryui.test.InteractionsTest" name="selectableTest" time="2.291"/>
  <system-out/>
  <testcase classname="com.jqueryui.test.InteractionsTest" name="sortableTest" time="1.150"/>
  <system-out/>
</testsuite> <!-- com.jqueryui.test.InteractionsTest -->
