<?xml version="1.0" encoding="UTF-8"?>
<!-- Generated by org.testng.reporters.JUnitReportReporter -->
<testsuite hostname="naveen" failures="0" tests="1" name="pom.automation.famework.SampleClassTest" time="2.018" errors="0" timestamp="2023-08-01T07:04:02 IST" skipped="0">
  <testcase classname="pom.automation.famework.SampleClassTest" name="searchTest" time="2.018"/>
  <system-out/>
</testsuite> <!-- pom.automation.famework.SampleClassTest -->
