<?xml version="1.0" encoding="UTF-8"?>
<!-- Generated by org.testng.reporters.JUnitReportReporter -->
<testsuite hostname="naveen" failures="0" tests="1" name="com.globalsqa.testpages.TabPageTest" time="2.415" errors="0" timestamp="2023-08-02T04:19:02 IST" skipped="0">
  <testcase classname="com.globalsqa.testpages.TabPageTest" name="accordionCheck" time="2.415"/>
  <system-out/>
</testsuite> <!-- com.globalsqa.testpages.TabPageTest -->
