<?xml version="1.0" encoding="UTF-8"?>
<!-- Generated by org.testng.reporters.JUnitReportReporter -->
<testsuite hostname="naveen" failures="0" tests="1" name="com.jqueryui.test.BaseTest" time="6.641" errors="0" timestamp="2023-08-09T23:07:12 IST" skipped="0">
  <testcase classname="com.jqueryui.test.BaseTest" name="setupChrome" time="6.641"/>
  <system-out/>
</testsuite> <!-- com.jqueryui.test.BaseTest -->
