<?xml version="1.0" encoding="UTF-8"?>
<!-- Generated by org.testng.reporters.JUnitReportReporter -->
<testsuite hostname="naveen" failures="0" tests="3" name="com.practice.pages.TempPracticeTest" time="0.008" errors="0" timestamp="2023-08-09T09:03:57 IST" skipped="0">
  <testcase classname="com.practice.pages.TempPracticeTest" name="testClass" time="0.001"/>
  <system-out/>
  <testcase classname="com.practice.pages.TempPracticeTest" name="testClass" time="0.001"/>
  <system-out/>
  <testcase classname="com.practice.pages.TempPracticeTest" name="testClass" time="0.006"/>
  <system-out/>
</testsuite> <!-- com.practice.pages.TempPracticeTest -->
