<?xml version="1.0" encoding="UTF-8"?>
<!-- Generated by org.testng.reporters.JUnitReportReporter -->
<testsuite hostname="naveen" failures="0" tests="1" name="com.globalsqa.testpages.HomePageTest" time="1.631" errors="0" timestamp="2023-08-02T03:10:28 IST" skipped="0">
  <testcase classname="com.globalsqa.testpages.HomePageTest" name="clickTab" time="1.631"/>
  <system-out/>
</testsuite> <!-- com.globalsqa.testpages.HomePageTest -->
