<?xml version="1.0" encoding="UTF-8"?>
<!-- Generated by org.testng.reporters.JUnitReportReporter -->
<testsuite hostname="naveen" failures="0" tests="1" name="pom.automation.famework.SampleClass2Test" time="3.699" errors="0" timestamp="2023-08-01T22:56:39 IST" skipped="0">
  <testcase classname="pom.automation.famework.SampleClass2Test" name="sampleClass2Test" time="3.699"/>
  <system-out/>
</testsuite> <!-- pom.automation.famework.SampleClass2Test -->
