<?xml version="1.0" encoding="UTF-8"?>
<!-- Generated by org.testng.reporters.JUnitReportReporter -->
<testsuite hostname="naveen" failures="0" tests="1" name="com.jqueryui.test.SideMenuPageTest" time="3.162" errors="0" timestamp="2023-08-09T18:39:46 IST" skipped="0">
  <testcase classname="com.jqueryui.test.SideMenuPageTest" name="controlgroupTest" time="3.162"/>
  <system-out/>
</testsuite> <!-- com.jqueryui.test.SideMenuPageTest -->
