<?xml version="1.0" encoding="UTF-8"?>
<!-- Generated by org.testng.reporters.JUnitReportReporter -->
<testsuite hostname="naveen" failures="0" tests="1" name="pom.automation.famework.AppTest" time="0.016" errors="0" timestamp="2023-07-31T13:46:24 IST" skipped="0">
  <testcase classname="pom.automation.famework.AppTest" name="shouldAnswerWithTrue" time="0.016"/>
  <system-out/>
</testsuite> <!-- pom.automation.famework.AppTest -->
