<?xml version="1.0" encoding="UTF-8"?>
<!-- Generated by org.testng.reporters.JUnitReportReporter -->
<testsuite hostname="naveen" failures="0" tests="1" name="com.practice.pages.BaseTest" time="0.195" errors="0" timestamp="2023-08-04T01:52:48 IST" skipped="0">
  <testcase classname="com.practice.pages.BaseTest" name="takeScreenShot" time="0.195"/>
  <system-out/>
</testsuite> <!-- com.practice.pages.BaseTest -->
