<?xml version="1.0" encoding="UTF-8"?>
<!-- Generated by org.testng.reporters.JUnitReportReporter -->
<testsuite hostname="naveen" failures="0" tests="1" name="com.jqueryui.test.HomePageTest" time="2.607" errors="0" timestamp="2023-08-10T01:55:59 IST" skipped="0">
  <testcase classname="com.jqueryui.test.HomePageTest" name="testHeader" time="2.607"/>
  <system-out/>
</testsuite> <!-- com.jqueryui.test.HomePageTest -->
