<?xml version="1.0" encoding="UTF-8"?>
<!-- Generated by org.testng.reporters.JUnitReportReporter -->
<testsuite hostname="naveen" failures="0" tests="2" name="com.jqueryui.test.UtilitiesPageTest" time="3.597" errors="0" timestamp="2023-08-10T01:55:59 IST" skipped="0">
  <testcase classname="com.jqueryui.test.UtilitiesPageTest" name="positionTest" time="2.739"/>
  <system-out/>
  <testcase classname="com.jqueryui.test.UtilitiesPageTest" name="widgetFactoryTest" time="0.858"/>
  <system-out/>
</testsuite> <!-- com.jqueryui.test.UtilitiesPageTest -->
