<?xml version="1.0" encoding="UTF-8"?>
<!-- Generated by org.testng.reporters.JUnitReportReporter -->
<testsuite hostname="naveen" failures="0" tests="5" name="com.jqueryui.test.Widgets1PageTest" time="16.309" errors="0" timestamp="2023-08-10T01:55:59 IST" skipped="0">
  <testcase classname="com.jqueryui.test.Widgets1PageTest" name="controlgroupTest" time="1.668"/>
  <system-out/>
  <testcase classname="com.jqueryui.test.Widgets1PageTest" name="buttonTest" time="5.599"/>
  <system-out/>
  <testcase classname="com.jqueryui.test.Widgets1PageTest" name="checkboxradioTest" time="1.277"/>
  <system-out/>
  <testcase classname="com.jqueryui.test.Widgets1PageTest" name="autocompleteTest" time="5.069"/>
  <system-out/>
  <testcase classname="com.jqueryui.test.Widgets1PageTest" name="accordionTest" time="2.696"/>
  <system-out/>
</testsuite> <!-- com.jqueryui.test.Widgets1PageTest -->
